[2025-11-25 16:59:06,884] INFO in app: === J.A. Uniforms Application Started ===
[2025-11-26 10:20:37,258] INFO in app: === J.A. Uniforms Application Started ===
[2025-11-26 10:22:16,728] INFO in app: === J.A. Uniforms Application Started ===
[2025-11-26 10:22:31,766] INFO in app: === J.A. Uniforms Application Started ===
[2025-11-26 10:22:39,933] INFO in app: === J.A. Uniforms Application Started ===
[2025-11-26 10:23:45,078] INFO in app: === J.A. Uniforms Application Started ===
[2025-11-26 11:34:02,000] INFO in app: === J.A. Uniforms Application Started ===
[2025-11-26 11:42:04,603] INFO in app: === J.A. Uniforms Application Started ===
[2025-11-26 11:47:07,802] INFO in app: === J.A. Uniforms Application Started ===
[2025-11-26 11:48:59,014] INFO in app: === J.A. Uniforms Application Started ===
[2025-11-26 11:50:27,901] INFO in app: === J.A. Uniforms Application Started ===
[2025-11-26 11:51:25,927] INFO in app: === J.A. Uniforms Application Started ===
[2025-11-26 13:19:39,406] INFO in app: === J.A. Uniforms Application Started ===
[2025-11-26 13:48:03,036] INFO in app: === J.A. Uniforms Application Started ===
[2025-11-26 13:58:57,355] INFO in app: === J.A. Uniforms Application Started ===
[2025-11-26 13:59:13,876] INFO in app: === J.A. Uniforms Application Started ===
[2025-11-26 14:03:05,979] INFO in app: Verification error: 'password_hash'
[2025-11-26 14:03:16,547] INFO in app: Verification error: 'password_hash'
[2025-11-26 14:04:04,453] INFO in app: Verification error: 'password_hash'
[2025-11-26 14:07:32,606] INFO in app: === J.A. Uniforms Application Started ===
[2025-11-26 15:31:39,742] INFO in app: === J.A. Uniforms Application Started ===
[2025-11-26 15:35:54,391] INFO in app: === J.A. Uniforms Application Started ===
[2025-12-01 09:40:58,389] INFO in app: === J.A. Uniforms Application Started ===
[2025-12-01 10:26:11,880] INFO in app: === J.A. Uniforms Application Started ===
[2025-12-01 10:27:57,776] INFO in app: === J.A. Uniforms Application Started ===
[2025-12-01 10:29:37,610] INFO in app: Verification code sent to operations@jauniforms.com
[2025-12-01 10:30:24,514] INFO in app: === J.A. Uniforms Application Started ===
[2025-12-01 10:34:41,784] INFO in app: === J.A. Uniforms Application Started ===
[2025-12-01 10:37:54,601] INFO in app: === J.A. Uniforms Application Started ===
[2025-12-01 10:39:51,603] INFO in app: Verification code sent to operations@jauniforms.com
[2025-12-01 10:51:18,363] INFO in app: === J.A. Uniforms Application Started ===
[2025-12-01 10:53:05,815] INFO in app: === J.A. Uniforms Application Started ===
[2025-12-01 10:55:12,697] INFO in app: === J.A. Uniforms Application Started ===
[2025-12-01 10:55:39,782] INFO in app: Verification code sent to operations@jauniforms.com
[2025-12-01 10:55:48,947] INFO in app: === J.A. Uniforms Application Started ===
[2025-12-01 10:57:07,968] INFO in app: === J.A. Uniforms Application Started ===
[2025-12-01 11:31:38,902] INFO in app: === J.A. Uniforms Application Started ===
[2025-12-01 11:46:11,191] INFO in app: === J.A. Uniforms Application Started ===
[2025-12-01 11:46:20,072] ERROR in app: Exception on / [GET]
Traceback (most recent call last):
  File "C:\Users\it2\ja_uniforms_pricing\.venv\Lib\site-packages\flask\app.py", line 1455, in wsgi_app
    response = self.full_dispatch_request()
               ^^^^^^^^^^^^^^^^^^^^^^^^^^^^
  File "C:\Users\it2\ja_uniforms_pricing\.venv\Lib\site-packages\flask\app.py", line 869, in full_dispatch_request
    rv = self.handle_user_exception(e)
         ^^^^^^^^^^^^^^^^^^^^^^^^^^^^^
  File "C:\Users\it2\ja_uniforms_pricing\.venv\Lib\site-packages\flask\app.py", line 867, in full_dispatch_request
    rv = self.dispatch_request()
         ^^^^^^^^^^^^^^^^^^^^^^^
  File "C:\Users\it2\ja_uniforms_pricing\.venv\Lib\site-packages\flask\app.py", line 852, in dispatch_request
    return self.ensure_sync(self.view_functions[rule.endpoint])(**view_args)
           ^^^^^^^^^^^^^^^^^^^^^^^^^^^^^^^^^^^^^^^^^^^^^^^^^^^^^^^^^^^^^^^^^
  File "C:\Users\it2\ja_uniforms_pricing\.venv\Lib\site-packages\flask_login\utils.py", line 290, in decorated_view
    return current_app.ensure_sync(func)(*args, **kwargs)
           ^^^^^^^^^^^^^^^^^^^^^^^^^^^^^^^^^^^^^^^^^^^^^^
  File "C:\Users\it2\ja_uniforms_pricing\app.py", line 744, in index
    joinedload(Style.style_labors).joinedload(StyleLabor.labor_operation)
               ^^^^^^^^^^^^^^^^^^
AttributeError: type object 'Style' has no attribute 'style_labors'
[2025-12-01 11:50:56,266] INFO in app: === J.A. Uniforms Application Started ===
[2025-12-01 13:42:22,018] INFO in app: === J.A. Uniforms Application Started ===
[2025-12-01 13:42:32,347] INFO in app: === J.A. Uniforms Application Started ===
[2025-12-01 13:44:14,166] INFO in app: === J.A. Uniforms Application Started ===
[2025-12-01 13:44:25,150] INFO in app: === J.A. Uniforms Application Started ===
[2025-12-01 13:44:41,923] INFO in app: === J.A. Uniforms Application Started ===
[2025-12-01 13:58:03,173] INFO in app: === J.A. Uniforms Application Started ===
[2025-12-01 14:10:11,316] INFO in app: === J.A. Uniforms Application Started ===
[2025-12-01 14:16:49,377] INFO in app: === J.A. Uniforms Application Started ===
[2025-12-01 14:23:07,984] INFO in app: === J.A. Uniforms Application Started ===
[2025-12-01 14:23:35,967] INFO in app: Verification code sent to operations@jauniforms.com
[2025-12-01 14:25:14,708] INFO in app: === J.A. Uniforms Application Started ===
[2025-12-01 14:25:50,770] INFO in app: === J.A. Uniforms Application Started ===
[2025-12-01 14:38:08,538] INFO in app: === J.A. Uniforms Application Started ===
[2025-12-01 14:58:33,726] INFO in app: === J.A. Uniforms Application Started ===
[2025-12-01 15:10:03,825] INFO in app: === J.A. Uniforms Application Started ===
[2025-12-01 15:22:13,351] INFO in app: === J.A. Uniforms Application Started ===
[2025-12-01 15:22:58,751] INFO in app: Verification code sent to operations@jauniforms.com
[2025-12-01 15:29:25,911] INFO in app: === J.A. Uniforms Application Started ===
[2025-12-01 15:33:45,116] INFO in app: === J.A. Uniforms Application Started ===
[2025-12-01 15:36:02,405] INFO in app: === J.A. Uniforms Application Started ===
[2025-12-01 15:44:31,759] INFO in app: === J.A. Uniforms Application Started ===
[2025-12-01 16:21:38,440] INFO in app: === J.A. Uniforms Application Started ===
[2025-12-01 16:23:27,918] INFO in app: Verification code sent to operations@jauniforms.com
[2025-12-01 16:26:47,183] INFO in app: === J.A. Uniforms Application Started ===
[2025-12-01 16:35:56,870] INFO in app: === J.A. Uniforms Application Started ===
